0 info it worked if it ends with ok
1 verbose cli [ '/usr/local/Cellar/node/4.1.1/bin/node',
1 verbose cli   '/usr/local/bin/npm',
1 verbose cli   'start' ]
2 info using npm@2.14.4
3 info using node@v4.1.1
4 verbose run-script [ 'prestart', 'start', 'poststart' ]
5 info prestart twreporter-react@0.0.1
6 info start twreporter-react@0.0.1
7 verbose unsafe-perm in lifecycle true
8 info twreporter-react@0.0.1 Failed to exec start script
9 verbose stack Error: twreporter-react@0.0.1 start: `webpack --progress && node server`
9 verbose stack Exit status 1
9 verbose stack     at EventEmitter.<anonymous> (/usr/local/lib/node_modules/npm/lib/utils/lifecycle.js:214:16)
9 verbose stack     at emitTwo (events.js:87:13)
9 verbose stack     at EventEmitter.emit (events.js:172:7)
9 verbose stack     at ChildProcess.<anonymous> (/usr/local/lib/node_modules/npm/lib/utils/spawn.js:24:14)
9 verbose stack     at emitTwo (events.js:87:13)
9 verbose stack     at ChildProcess.emit (events.js:172:7)
9 verbose stack     at maybeClose (internal/child_process.js:817:16)
9 verbose stack     at Process.ChildProcess._handle.onexit (internal/child_process.js:211:5)
10 verbose pkgid twreporter-react@0.0.1
11 verbose cwd /Users/hcchien/twreporter-react
12 error Darwin 15.0.0
13 error argv "/usr/local/Cellar/node/4.1.1/bin/node" "/usr/local/bin/npm" "start"
14 error node v4.1.1
15 error npm  v2.14.4
16 error code ELIFECYCLE
17 error twreporter-react@0.0.1 start: `webpack --progress && node server`
17 error Exit status 1
18 error Failed at the twreporter-react@0.0.1 start script 'webpack --progress && node server'.
18 error This is most likely a problem with the twreporter-react package,
18 error not with npm itself.
18 error Tell the author that this fails on your system:
18 error     webpack --progress && node server
18 error You can get their info via:
18 error     npm owner ls twreporter-react
18 error There is likely additional logging output above.
19 verbose exit [ 1, true ]
